00:24:00.185 [main] INFO  testCases.TC001_AccountRegistrationTest - test finished ---->>>   TC001_AccountRegistrationTest
00:24:03.533 [main] INFO  testCases.TC002_LoginTest - ...starting TC002_LoginTest... 
00:24:06.048 [main] INFO  testCases.TC002_LoginTest - ...finished TC002_LoginTest... 
00:29:58.344 [main] INFO  testCases.TC001_AccountRegistrationTest - starting test case TC001_AccountRegistrationTest...
00:29:58.470 [main] INFO  testCases.TC001_AccountRegistrationTest - clicked on myAccount link
00:29:59.086 [main] INFO  testCases.TC001_AccountRegistrationTest - clicked on Register link
00:29:59.095 [main] INFO  testCases.TC001_AccountRegistrationTest - providing customer details
00:30:04.961 [main] INFO  testCases.TC001_AccountRegistrationTest - validating expected message
00:30:05.078 [main] INFO  testCases.TC001_AccountRegistrationTest - test finished ---->>>   TC001_AccountRegistrationTest
00:30:08.796 [main] INFO  testCases.TC002_LoginTest - ...starting TC002_LoginTest... 
00:30:10.804 [main] INFO  testCases.TC002_LoginTest - ...finished TC002_LoginTest... 
00:38:09.324 [main] INFO  testCases.TC001_AccountRegistrationTest - starting test case TC001_AccountRegistrationTest...
00:38:09.458 [main] INFO  testCases.TC001_AccountRegistrationTest - clicked on myAccount link
00:38:09.974 [main] INFO  testCases.TC001_AccountRegistrationTest - clicked on Register link
00:38:09.977 [main] INFO  testCases.TC001_AccountRegistrationTest - providing customer details
00:38:13.846 [main] INFO  testCases.TC001_AccountRegistrationTest - validating expected message
00:38:14.030 [main] INFO  testCases.TC001_AccountRegistrationTest - test finished ---->>>   TC001_AccountRegistrationTest
00:38:17.905 [main] INFO  testCases.TC002_LoginTest - ...starting TC002_LoginTest... 
00:38:21.018 [main] INFO  testCases.TC002_LoginTest - ...finished TC002_LoginTest... 
18:59:12.702 [main] INFO  testCases.TC003_LoginDDT - ...starting TC003_LoginDDT... 
18:59:16.555 [main] INFO  testCases.TC003_LoginDDT - ...finished TC003_LoginDDT...
18:59:16.662 [main] INFO  testCases.TC003_LoginDDT - ...starting TC003_LoginDDT... 
18:59:30.185 [main] INFO  testCases.TC003_LoginDDT - ...finished TC003_LoginDDT...
18:59:30.197 [main] INFO  testCases.TC003_LoginDDT - ...starting TC003_LoginDDT... 
18:59:44.020 [main] INFO  testCases.TC003_LoginDDT - ...finished TC003_LoginDDT...
18:59:44.025 [main] INFO  testCases.TC003_LoginDDT - ...starting TC003_LoginDDT... 
18:59:57.229 [main] INFO  testCases.TC003_LoginDDT - ...finished TC003_LoginDDT...
18:59:57.238 [main] INFO  testCases.TC003_LoginDDT - ...starting TC003_LoginDDT... 
18:59:58.777 [main] INFO  testCases.TC003_LoginDDT - ...starting TC003_LoginDDT... 
20:57:12.813 [main] INFO  testCases.TC001_AccountRegistrationTest - starting test case TC001_AccountRegistrationTest...
20:57:12.988 [main] INFO  testCases.TC001_AccountRegistrationTest - clicked on myAccount link
20:57:13.836 [main] INFO  testCases.TC001_AccountRegistrationTest - clicked on Register link
20:57:13.874 [main] INFO  testCases.TC001_AccountRegistrationTest - providing customer details
20:57:18.497 [main] INFO  testCases.TC001_AccountRegistrationTest - validating expected message
20:57:18.710 [main] INFO  testCases.TC001_AccountRegistrationTest - test finished ---->>>   TC001_AccountRegistrationTest
20:57:23.226 [main] INFO  testCases.TC002_LoginTest - ...starting TC002_LoginTest... 
20:57:25.071 [main] INFO  testCases.TC002_LoginTest - ...finished TC002_LoginTest... 
20:57:31.696 [main] INFO  testCases.TC003_LoginDDT - ...starting TC003_LoginDDT... 
20:57:36.302 [main] INFO  testCases.TC003_LoginDDT - ...finished TC003_LoginDDT...
20:57:36.311 [main] INFO  testCases.TC003_LoginDDT - ...starting TC003_LoginDDT... 
20:57:49.552 [main] INFO  testCases.TC003_LoginDDT - ...finished TC003_LoginDDT...
20:57:49.559 [main] INFO  testCases.TC003_LoginDDT - ...starting TC003_LoginDDT... 
20:58:02.994 [main] INFO  testCases.TC003_LoginDDT - ...finished TC003_LoginDDT...
20:58:03.003 [main] INFO  testCases.TC003_LoginDDT - ...starting TC003_LoginDDT... 
20:58:17.426 [main] INFO  testCases.TC003_LoginDDT - ...finished TC003_LoginDDT...
20:58:17.432 [main] INFO  testCases.TC003_LoginDDT - ...starting TC003_LoginDDT... 
20:58:30.284 [main] INFO  testCases.TC003_LoginDDT - ...starting TC003_LoginDDT... 
09:23:02.214 [main] INFO  testCases.TC001_AccountRegistrationTest - starting test case TC001_AccountRegistrationTest...
09:23:02.403 [main] INFO  testCases.TC001_AccountRegistrationTest - clicked on myAccount link
09:23:03.183 [main] INFO  testCases.TC001_AccountRegistrationTest - clicked on Register link
09:23:03.187 [main] INFO  testCases.TC001_AccountRegistrationTest - providing customer details
09:23:06.955 [main] INFO  testCases.TC001_AccountRegistrationTest - validating expected message
09:23:07.137 [main] INFO  testCases.TC001_AccountRegistrationTest - test finished ---->>>   TC001_AccountRegistrationTest
