00:24:00.185 [main] INFO  testCases.TC001_AccountRegistrationTest - test finished ---->>>   TC001_AccountRegistrationTest
00:24:03.533 [main] INFO  testCases.TC002_LoginTest - ...starting TC002_LoginTest... 
00:24:06.048 [main] INFO  testCases.TC002_LoginTest - ...finished TC002_LoginTest... 
00:29:58.344 [main] INFO  testCases.TC001_AccountRegistrationTest - starting test case TC001_AccountRegistrationTest...
00:29:58.470 [main] INFO  testCases.TC001_AccountRegistrationTest - clicked on myAccount link
00:29:59.086 [main] INFO  testCases.TC001_AccountRegistrationTest - clicked on Register link
00:29:59.095 [main] INFO  testCases.TC001_AccountRegistrationTest - providing customer details
00:30:04.961 [main] INFO  testCases.TC001_AccountRegistrationTest - validating expected message
00:30:05.078 [main] INFO  testCases.TC001_AccountRegistrationTest - test finished ---->>>   TC001_AccountRegistrationTest
00:30:08.796 [main] INFO  testCases.TC002_LoginTest - ...starting TC002_LoginTest... 
00:30:10.804 [main] INFO  testCases.TC002_LoginTest - ...finished TC002_LoginTest... 
00:38:09.324 [main] INFO  testCases.TC001_AccountRegistrationTest - starting test case TC001_AccountRegistrationTest...
00:38:09.458 [main] INFO  testCases.TC001_AccountRegistrationTest - clicked on myAccount link
00:38:09.974 [main] INFO  testCases.TC001_AccountRegistrationTest - clicked on Register link
00:38:09.977 [main] INFO  testCases.TC001_AccountRegistrationTest - providing customer details
00:38:13.846 [main] INFO  testCases.TC001_AccountRegistrationTest - validating expected message
00:38:14.030 [main] INFO  testCases.TC001_AccountRegistrationTest - test finished ---->>>   TC001_AccountRegistrationTest
00:38:17.905 [main] INFO  testCases.TC002_LoginTest - ...starting TC002_LoginTest... 
00:38:21.018 [main] INFO  testCases.TC002_LoginTest - ...finished TC002_LoginTest... 
18:59:12.702 [main] INFO  testCases.TC003_LoginDDT - ...starting TC003_LoginDDT... 
18:59:16.555 [main] INFO  testCases.TC003_LoginDDT - ...finished TC003_LoginDDT...
18:59:16.662 [main] INFO  testCases.TC003_LoginDDT - ...starting TC003_LoginDDT... 
18:59:30.185 [main] INFO  testCases.TC003_LoginDDT - ...finished TC003_LoginDDT...
18:59:30.197 [main] INFO  testCases.TC003_LoginDDT - ...starting TC003_LoginDDT... 
18:59:44.020 [main] INFO  testCases.TC003_LoginDDT - ...finished TC003_LoginDDT...
18:59:44.025 [main] INFO  testCases.TC003_LoginDDT - ...starting TC003_LoginDDT... 
18:59:57.229 [main] INFO  testCases.TC003_LoginDDT - ...finished TC003_LoginDDT...
18:59:57.238 [main] INFO  testCases.TC003_LoginDDT - ...starting TC003_LoginDDT... 
18:59:58.777 [main] INFO  testCases.TC003_LoginDDT - ...starting TC003_LoginDDT... 
